<?xml version="1.0" encoding="UTF-8"?>
<!-- Generated by org.testng.reporters.JUnitReportReporter -->
<testsuite hostname="MRs-MacBook-Pro" failures="0" tests="1" name="api.endPoint.UserAccountEndPoint" time="1.025" errors="0" timestamp="2024-01-24T14:07:45 CST" skipped="0">
  <testcase classname="api.endPoint.UserAccountEndPoint" name="readAllAccount" time="1.025"/>
</testsuite> <!-- api.endPoint.UserAccountEndPoint -->
