<?xml version="1.0" encoding="UTF-8"?>
<!-- Generated by org.testng.reporters.JUnitReportReporter -->
<testsuite hostname="MRs-MacBook-Pro" failures="0" tests="1" name="api.endPoint.LoginEndPoints" time="3.332" errors="0" timestamp="2024-01-24T14:12:08 CST" skipped="0">
  <testcase classname="api.endPoint.LoginEndPoints" name="mymethod" time="3.332"/>
</testsuite> <!-- api.endPoint.LoginEndPoints -->
